2024-06-13 14:49:55,694 [INFO] Activator:176 - 


2024-06-13 14:49:55,701 [INFO] Activator:177 - !SESSION log4j initialized
2024-06-13 14:50:03,365 [INFO] LogOutputStream:77 - [STDOUT_REDIRECT] 
2024-06-13 14:50:17,067 [INFO] ApplicationProperties:184 - Using Application install path: C:\ST\STM32CubeIDE_1.11.0\STM32CubeIDE\plugins\com.st.stm32cube.common.mx_6.11.0.202403141607
2024-06-13 14:50:17,089 [INFO] DbMcusXml:78 - Set database path to: C:\ST\STM32CubeIDE_1.11.0\STM32CubeIDE\plugins\com.st.stm32cube.common.mx_6.11.0.202403141607\\db\/mcu/
2024-06-13 14:50:17,089 [INFO] ApiDb:274 - Set plugin database path to: C:\ST\STM32CubeIDE_1.11.0\STM32CubeIDE\plugins\com.st.stm32cube.common.mx_6.11.0.202403141607\\db\/plugins/boardmanager/
2024-06-13 14:50:17,090 [WARN] ApiDb:259 - Overriding images path with different value:  => C:\ST\STM32CubeIDE_1.11.0\STM32CubeIDE\plugins\com.st.stm32cube.common.mx_6.11.0.202403141607\\db\/plugins/mcufinder/images/
2024-06-13 14:50:17,098 [INFO] ApiDb:250 - Set database path to: C:\Users\Mr.Lee\.stmcufinder\plugins\mcufinder//mcu/
2024-06-13 14:50:17,100 [INFO] DbMcusAds:125 - Set database path to: C:\Users\Mr.Lee\.stmcufinder\plugins\mcufinder//mcu/
2024-06-13 14:50:17,112 [INFO] CrossReferenceDbSqlite:203 - Set database path to: C:\Users\Mr.Lee\.stmcufinder\plugins\mcufinder//mcu/cs/
2024-06-13 14:50:17,285 [INFO] RulesReader:64 - Compatibility file has been processed (297 Rules)
2024-06-13 14:50:17,378 [INFO] DbMcusXml:78 - Set database path to: C:\ST\STM32CubeIDE_1.11.0\STM32CubeIDE\plugins\com.st.stm32cube.common.mx_6.11.0.202403141607\\db\/mcu/
2024-06-13 14:50:17,379 [INFO] ApiDb:274 - Set plugin database path to: C:\ST\STM32CubeIDE_1.11.0\STM32CubeIDE\plugins\com.st.stm32cube.common.mx_6.11.0.202403141607\\db\/plugins/boardmanager/
2024-06-13 14:50:17,379 [INFO] ApiDb:261 - Set plugin images path to: C:\ST\STM32CubeIDE_1.11.0\STM32CubeIDE\plugins\com.st.stm32cube.common.mx_6.11.0.202403141607\\db\/plugins/mcufinder/images/
2024-06-13 14:50:17,379 [WARN] DbFile:41 - Overriding database path with different value: C:\Users\Mr.Lee\.stmcufinder\plugins\mcufinder/ => C:\Users\Mr.Lee\.stmcufinder\plugins\mcufinder
2024-06-13 14:50:17,380 [INFO] ApiDb:250 - Set database path to: C:\Users\Mr.Lee\.stmcufinder\plugins\mcufinder//mcu/
2024-06-13 14:50:17,380 [WARN] DbFile:41 - Overriding database path with different value: C:\Users\Mr.Lee\.stmcufinder\plugins\mcufinder/ => C:\Users\Mr.Lee\.stmcufinder\plugins\mcufinder
2024-06-13 14:50:17,380 [INFO] DbMcusAds:125 - Set database path to: C:\Users\Mr.Lee\.stmcufinder\plugins\mcufinder//mcu/
2024-06-13 14:50:17,380 [WARN] DbFile:41 - Overriding database path with different value: C:\Users\Mr.Lee\.stmcufinder\plugins\mcufinder/ => C:\Users\Mr.Lee\.stmcufinder\plugins\mcufinder
2024-06-13 14:50:17,380 [WARN] DbFile:41 - Overriding database path with different value: C:\Users\Mr.Lee\.stmcufinder\plugins\mcufinder/ => C:\Users\Mr.Lee\.stmcufinder\plugins\mcufinder
2024-06-13 14:50:17,380 [INFO] CrossReferenceDbSqlite:203 - Set database path to: C:\Users\Mr.Lee\.stmcufinder\plugins\mcufinder//mcu/cs/
2024-06-13 14:50:17,476 [INFO] MainPanel:264 - HeapMemory: 268435456
2024-06-13 14:50:17,592 [INFO] DbMcusXml:78 - Set database path to: C:\ST\STM32CubeIDE_1.11.0\STM32CubeIDE\plugins\com.st.stm32cube.common.mx_6.11.0.202403141607\\db\/mcu/
2024-06-13 14:50:17,592 [INFO] ApiDb:274 - Set plugin database path to: C:\ST\STM32CubeIDE_1.11.0\STM32CubeIDE\plugins\com.st.stm32cube.common.mx_6.11.0.202403141607\\db\/plugins/boardmanager/
2024-06-13 14:50:17,592 [INFO] ApiDb:261 - Set plugin images path to: C:\ST\STM32CubeIDE_1.11.0\STM32CubeIDE\plugins\com.st.stm32cube.common.mx_6.11.0.202403141607\\db\/plugins/mcufinder/images/
2024-06-13 14:50:17,594 [WARN] DbFile:41 - Overriding database path with different value: C:\Users\Mr.Lee\.stmcufinder\plugins\mcufinder/ => C:\Users\Mr.Lee\.stmcufinder\plugins\mcufinder
2024-06-13 14:50:17,594 [INFO] ApiDb:250 - Set database path to: C:\Users\Mr.Lee\.stmcufinder\plugins\mcufinder//mcu/
2024-06-13 14:50:17,594 [WARN] DbFile:41 - Overriding database path with different value: C:\Users\Mr.Lee\.stmcufinder\plugins\mcufinder/ => C:\Users\Mr.Lee\.stmcufinder\plugins\mcufinder
2024-06-13 14:50:17,594 [INFO] DbMcusAds:125 - Set database path to: C:\Users\Mr.Lee\.stmcufinder\plugins\mcufinder//mcu/
2024-06-13 14:50:17,594 [WARN] DbFile:41 - Overriding database path with different value: C:\Users\Mr.Lee\.stmcufinder\plugins\mcufinder/ => C:\Users\Mr.Lee\.stmcufinder\plugins\mcufinder
2024-06-13 14:50:17,594 [WARN] DbFile:41 - Overriding database path with different value: C:\Users\Mr.Lee\.stmcufinder\plugins\mcufinder/ => C:\Users\Mr.Lee\.stmcufinder\plugins\mcufinder
2024-06-13 14:50:17,594 [INFO] CrossReferenceDbSqlite:203 - Set database path to: C:\Users\Mr.Lee\.stmcufinder\plugins\mcufinder//mcu/cs/
2024-06-13 14:50:17,614 [INFO] ApplicationProperties:184 - Using Application install path: C:\ST\STM32CubeIDE_1.11.0\STM32CubeIDE\plugins\com.st.stm32cube.common.mx_6.11.0.202403141607
2024-06-13 14:50:17,616 [INFO] PluginManage:196 - Search for loadable plugins [exclusion list=, ]
2024-06-13 14:50:17,618 [INFO] PluginManage:310 - Check plugin analytics
2024-06-13 14:50:17,906 [INFO] AnalyticsPlugin:253 - Accepted Software Licenses: 
2024-06-13 14:50:17,906 [INFO] AnalyticsPlugin:255 - Accepted CMSIS Pack Licenses: 
2024-06-13 14:50:17,906 [INFO] AnalyticsPlugin:257 - Accepted Firmware Licenses: 
2024-06-13 14:50:17,912 [INFO] PluginManage:359 - Loaded plugin analytics (category:tool,tabindex:-1)
2024-06-13 14:50:17,914 [INFO] PluginManage:310 - Check plugin cadmodel
2024-06-13 14:50:17,933 [INFO] CADModel:105 - Init CAD model plugin
2024-06-13 14:50:17,933 [INFO] PluginManage:359 - Loaded plugin cadmodel (category:power,tabindex:5)
2024-06-13 14:50:17,933 [INFO] PluginManage:310 - Check plugin clock
2024-06-13 14:50:17,957 [INFO] PluginManage:359 - Loaded plugin clock (category:base,tabindex:2)
2024-06-13 14:50:17,957 [INFO] PluginManage:310 - Check plugin ddr
2024-06-13 14:50:17,960 [INFO] PluginManage:359 - Loaded plugin ddr (category:tool,tabindex:6)
2024-06-13 14:50:17,960 [INFO] PluginManage:310 - Check plugin filemanager
2024-06-13 14:50:18,141 [INFO] PluginManage:359 - Loaded plugin filemanager (category:base,tabindex:10)
2024-06-13 14:50:18,142 [INFO] PluginManage:310 - Check plugin ipmanager
2024-06-13 14:50:18,151 [INFO] PluginManage:359 - Loaded plugin ipmanager (category:base,tabindex:5)
2024-06-13 14:50:18,152 [INFO] PluginManage:310 - Check plugin lpbam
2024-06-13 14:50:18,172 [INFO] PluginManage:359 - Loaded plugin lpbam (category:base,tabindex:0)
2024-06-13 14:50:18,172 [INFO] PluginManage:310 - Check plugin memorymap
2024-06-13 14:50:18,198 [INFO] PluginManage:359 - Loaded plugin memorymap (category:base,tabindex:4)
2024-06-13 14:50:18,199 [INFO] PluginManage:310 - Check plugin pinoutandconfiguration
2024-06-13 14:50:18,221 [INFO] PluginManage:359 - Loaded plugin pinoutandconfiguration (category:base,tabindex:1)
2024-06-13 14:50:18,221 [INFO] PluginManage:310 - Check plugin pinoutconfig
2024-06-13 14:50:18,357 [WARN] SupportedApi:132 - Cannot load RTOS API schema: s4s-elt-must-match.1: The content of 'definitions' must match (annotation?, (simpleType | complexType)?, (unique | key | keyref)*)). A problem was found starting at: attribute.
2024-06-13 14:50:18,549 [INFO] PluginManage:359 - Loaded plugin pinoutconfig (category:base,tabindex:0)
2024-06-13 14:50:18,549 [INFO] PluginManage:310 - Check plugin power
2024-06-13 14:50:18,572 [INFO] PluginManage:359 - Loaded plugin power (category:power,tabindex:4)
2024-06-13 14:50:18,572 [INFO] PluginManage:310 - Check plugin projectmanager
2024-06-13 14:50:18,606 [INFO] PluginManage:359 - Loaded plugin projectmanager (category:projectmanager,tabindex:3)
2024-06-13 14:50:18,606 [INFO] PluginManage:310 - Check plugin thirdparty
2024-06-13 14:50:18,955 [INFO] PluginManage:359 - Loaded plugin thirdparty (category:base,tabindex:-1)
2024-06-13 14:50:18,955 [INFO] PluginManage:310 - Check plugin tools
2024-06-13 14:50:18,955 [WARN] IntegrityCheckThread:84 - waiting for thirdparty lock release [integrity check]
2024-06-13 14:50:18,956 [INFO] IntegrityCheckThread:86 - entering critical section [integrity check]
2024-06-13 14:50:18,956 [INFO] ThirdPartyUpdaterWithRetryManager:70 - Updater plugin not ready yet. [1/15]
2024-06-13 14:50:19,001 [INFO] PluginManage:359 - Loaded plugin tools (category:base,tabindex:7)
2024-06-13 14:50:19,001 [INFO] PluginManage:310 - Check plugin tutovideos
2024-06-13 14:50:19,254 [INFO] PluginManage:359 - Loaded plugin tutovideos (category:base,tabindex:-1)
2024-06-13 14:50:19,255 [INFO] PluginManage:310 - Check plugin updater
2024-06-13 14:50:19,266 [INFO] PluginManage:359 - Loaded plugin updater (category:base,tabindex:12)
2024-06-13 14:50:19,267 [INFO] PluginManage:310 - Check plugin userauth
2024-06-13 14:50:19,273 [INFO] UserAuth:114 - Init User Auth plugin
2024-06-13 14:50:19,273 [INFO] PluginManage:359 - Loaded plugin userauth (category:base,tabindex:14)
2024-06-13 14:50:19,275 [INFO] PluginManage:283 - PluginManage : Loaded plugins [17]
2024-06-13 14:50:19,582 [INFO] PinOutPanel:1561 - setPackage(No Configuration,No Configuration)
2024-06-13 14:50:19,675 [INFO] CADModel:165 - CPN selected for project level
2024-06-13 14:50:19,675 [INFO] CADModel:114 - Register for checkConnection events
2024-06-13 14:50:19,712 [INFO] IPUIPlugin:80 - create IPUIPlugin
2024-06-13 14:50:19,713 [INFO] PluginManager:220 - loadIPPluginJar : add adc
2024-06-13 14:50:19,759 [INFO] IPUIPlugin:80 - create IPUIPlugin
2024-06-13 14:50:19,760 [INFO] PluginManager:220 - loadIPPluginJar : add aes
2024-06-13 14:50:19,808 [INFO] IPUIPlugin:80 - create IPUIPlugin
2024-06-13 14:50:19,808 [INFO] PluginManager:220 - loadIPPluginJar : add can
2024-06-13 14:50:19,838 [INFO] IPUIPlugin:80 - create IPUIPlugin
2024-06-13 14:50:19,839 [INFO] PluginManager:220 - loadIPPluginJar : add comp
2024-06-13 14:50:19,891 [INFO] IPUIPlugin:80 - create IPUIPlugin
2024-06-13 14:50:19,891 [INFO] PluginManager:220 - loadIPPluginJar : add cryp
2024-06-13 14:50:19,933 [INFO] IPUIPlugin:80 - create IPUIPlugin
2024-06-13 14:50:19,934 [INFO] PluginManager:220 - loadIPPluginJar : add dfsdm
2024-06-13 14:50:19,954 [INFO] IPUIPlugin:80 - create IPUIPlugin
2024-06-13 14:50:19,954 [INFO] PluginManager:220 - loadIPPluginJar : add dma
2024-06-13 14:50:20,012 [INFO] IPUIPlugin:80 - create IPUIPlugin
2024-06-13 14:50:20,013 [INFO] PluginManager:220 - loadIPPluginJar : add dma3
2024-06-13 14:50:20,065 [INFO] IPUIPlugin:80 - create IPUIPlugin
2024-06-13 14:50:20,065 [INFO] PluginManager:220 - loadIPPluginJar : add extmemmanager
2024-06-13 14:50:20,093 [INFO] IPUIPlugin:80 - create IPUIPlugin
2024-06-13 14:50:20,093 [INFO] PluginManager:220 - loadIPPluginJar : add fatfs
2024-06-13 14:50:20,176 [INFO] IPUIPlugin:80 - create IPUIPlugin
2024-06-13 14:50:20,176 [INFO] PluginManager:220 - loadIPPluginJar : add fmc
2024-06-13 14:50:20,194 [INFO] IPUIPlugin:80 - create IPUIPlugin
2024-06-13 14:50:20,194 [INFO] PluginManager:220 - loadIPPluginJar : add freertos
2024-06-13 14:50:20,218 [INFO] IPUIPlugin:80 - create IPUIPlugin
2024-06-13 14:50:20,219 [INFO] PluginManager:220 - loadIPPluginJar : add genericplugin
2024-06-13 14:50:20,323 [INFO] IPUIPlugin:80 - create IPUIPlugin
2024-06-13 14:50:20,324 [INFO] PluginManager:220 - loadIPPluginJar : add gfxmmu
2024-06-13 14:50:20,497 [INFO] IPUIPlugin:80 - create IPUIPlugin
2024-06-13 14:50:20,497 [INFO] PluginManager:220 - loadIPPluginJar : add gic
2024-06-13 14:50:20,513 [INFO] IPUIPlugin:80 - create IPUIPlugin
2024-06-13 14:50:20,513 [INFO] PluginManager:220 - loadIPPluginJar : add gpio
2024-06-13 14:50:20,625 [INFO] IPUIPlugin:80 - create IPUIPlugin
2024-06-13 14:50:20,625 [INFO] PluginManager:220 - loadIPPluginJar : add gtzc
2024-06-13 14:50:20,663 [INFO] IPUIPlugin:80 - create IPUIPlugin
2024-06-13 14:50:20,663 [INFO] PluginManager:220 - loadIPPluginJar : add hash
2024-06-13 14:50:20,724 [INFO] IPUIPlugin:80 - create IPUIPlugin
2024-06-13 14:50:20,724 [INFO] PluginManager:220 - loadIPPluginJar : add i2c
2024-06-13 14:50:20,771 [INFO] IPUIPlugin:80 - create IPUIPlugin
2024-06-13 14:50:20,771 [INFO] PluginManager:220 - loadIPPluginJar : add i2s
2024-06-13 14:50:20,820 [INFO] IPUIPlugin:80 - create IPUIPlugin
2024-06-13 14:50:20,820 [INFO] PluginManager:220 - loadIPPluginJar : add i3c
2024-06-13 14:50:20,937 [INFO] IPUIPlugin:80 - create IPUIPlugin
2024-06-13 14:50:20,938 [INFO] PluginManager:220 - loadIPPluginJar : add ipddr
2024-06-13 14:50:21,056 [INFO] IPUIPlugin:80 - create IPUIPlugin
2024-06-13 14:50:21,057 [INFO] PluginManager:220 - loadIPPluginJar : add linkedlist
2024-06-13 14:50:21,098 [INFO] IPUIPlugin:80 - create IPUIPlugin
2024-06-13 14:50:21,098 [INFO] PluginManager:220 - loadIPPluginJar : add lorawan
2024-06-13 14:50:21,138 [INFO] IPUIPlugin:80 - create IPUIPlugin
2024-06-13 14:50:21,139 [INFO] PluginManager:220 - loadIPPluginJar : add ltdc
2024-06-13 14:50:21,157 [INFO] IPUIPlugin:80 - create IPUIPlugin
2024-06-13 14:50:21,157 [INFO] PluginManager:220 - loadIPPluginJar : add mdma
2024-06-13 14:50:21,171 [INFO] IPUIPlugin:80 - create IPUIPlugin
2024-06-13 14:50:21,171 [INFO] PluginManager:220 - loadIPPluginJar : add nvic
2024-06-13 14:50:21,214 [INFO] IPUIPlugin:80 - create IPUIPlugin
2024-06-13 14:50:21,214 [INFO] PluginManager:220 - loadIPPluginJar : add opamp
2024-06-13 14:50:21,284 [INFO] IPUIPlugin:80 - create IPUIPlugin
2024-06-13 14:50:21,285 [INFO] PluginManager:220 - loadIPPluginJar : add openamp
2024-06-13 14:50:21,342 [INFO] IPUIPlugin:80 - create IPUIPlugin
2024-06-13 14:50:21,342 [INFO] PluginManager:220 - loadIPPluginJar : add pdm2pcm
2024-06-13 14:50:21,358 [INFO] IPUIPlugin:80 - create IPUIPlugin
2024-06-13 14:50:21,361 [INFO] PluginManager:220 - loadIPPluginJar : add plateformsettings
2024-06-13 14:50:21,386 [INFO] IPUIPlugin:80 - create IPUIPlugin
2024-06-13 14:50:21,386 [INFO] PluginManager:220 - loadIPPluginJar : add quadspi
2024-06-13 14:50:21,399 [INFO] IPUIPlugin:80 - create IPUIPlugin
2024-06-13 14:50:21,399 [INFO] PluginManager:220 - loadIPPluginJar : add resmgrutility
2024-06-13 14:50:21,454 [INFO] IPUIPlugin:80 - create IPUIPlugin
2024-06-13 14:50:21,454 [INFO] PluginManager:220 - loadIPPluginJar : add sai
2024-06-13 14:50:21,496 [INFO] IPUIPlugin:80 - create IPUIPlugin
2024-06-13 14:50:21,496 [INFO] PluginManager:220 - loadIPPluginJar : add spi
2024-06-13 14:50:21,574 [INFO] IPUIPlugin:80 - create IPUIPlugin
2024-06-13 14:50:21,574 [INFO] PluginManager:220 - loadIPPluginJar : add stm32_wpan
2024-06-13 14:50:21,602 [INFO] IPUIPlugin:80 - create IPUIPlugin
2024-06-13 14:50:21,603 [INFO] PluginManager:220 - loadIPPluginJar : add tim
2024-06-13 14:50:21,672 [INFO] IPUIPlugin:80 - create IPUIPlugin
2024-06-13 14:50:21,673 [INFO] PluginManager:220 - loadIPPluginJar : add touchsensing
2024-06-13 14:50:21,701 [INFO] IPUIPlugin:80 - create IPUIPlugin
2024-06-13 14:50:21,701 [INFO] PluginManager:220 - loadIPPluginJar : add tracer_emb
2024-06-13 14:50:21,729 [INFO] IPUIPlugin:80 - create IPUIPlugin
2024-06-13 14:50:21,729 [INFO] PluginManager:220 - loadIPPluginJar : add ts
2024-06-13 14:50:21,753 [INFO] IPUIPlugin:80 - create IPUIPlugin
2024-06-13 14:50:21,753 [INFO] PluginManager:220 - loadIPPluginJar : add tsc
2024-06-13 14:50:21,779 [INFO] IPUIPlugin:80 - create IPUIPlugin
2024-06-13 14:50:21,779 [INFO] PluginManager:220 - loadIPPluginJar : add ucpd
2024-06-13 14:50:21,833 [INFO] IPUIPlugin:80 - create IPUIPlugin
2024-06-13 14:50:21,833 [INFO] PluginManager:220 - loadIPPluginJar : add usart
2024-06-13 14:50:21,887 [INFO] IPUIPlugin:80 - create IPUIPlugin
2024-06-13 14:50:21,887 [INFO] PluginManager:220 - loadIPPluginJar : add usbx
2024-06-13 14:50:21,957 [INFO] ThirdPartyUpdaterWithRetryManager:70 - Updater plugin not ready yet. [2/15]
2024-06-13 14:50:22,028 [INFO] CADModel:165 - CPN selected for project level
2024-06-13 14:50:22,028 [INFO] CADModel:114 - Register for checkConnection events
2024-06-13 14:50:22,028 [FATAL] Updater:308 - Updater called before beeing initialized
2024-06-13 14:50:22,028 [ERROR] CADModel:125 - Updater not yet initialized, retry later 
2024-06-13 14:50:22,234 [INFO] CADModel:165 - CPN selected for project level
2024-06-13 14:50:22,234 [INFO] CADModel:114 - Register for checkConnection events
2024-06-13 14:50:22,234 [FATAL] Updater:308 - Updater called before beeing initialized
2024-06-13 14:50:22,234 [ERROR] CADModel:125 - Updater not yet initialized, retry later 
2024-06-13 14:50:22,238 [FATAL] Updater:308 - Updater called before beeing initialized
2024-06-13 14:50:22,381 [FATAL] Updater:308 - Updater called before beeing initialized
2024-06-13 14:50:22,391 [INFO] DbMcusAds:53 - JSON generation date=Thu May 16 17:22:00 CST 2024 (1715851320667)
2024-06-13 14:50:22,391 [FATAL] Updater:308 - Updater called before beeing initialized
2024-06-13 14:50:22,439 [WARN] DetailPanel:346 - Failed to get advertising image, set to default
2024-06-13 14:50:22,550 [FATAL] Updater:308 - Updater called before beeing initialized
2024-06-13 14:50:22,553 [FATAL] Updater:308 - Updater called before beeing initialized
2024-06-13 14:50:22,553 [FATAL] Updater:308 - Updater called before beeing initialized
2024-06-13 14:50:22,554 [WARN] DetailPanel:346 - Failed to get advertising image, set to default
2024-06-13 14:50:22,555 [FATAL] Updater:308 - Updater called before beeing initialized
2024-06-13 14:50:22,634 [ERROR] Updater:1120 - MainUpdater not yet initialized. External WinMGr cannot be set.
2024-06-13 14:50:22,646 [INFO] Updater:1056 - Updater Version found : 6.11.0
2024-06-13 14:50:22,675 [INFO] ApplicationProperties:184 - Using Application install path: C:\ST\STM32CubeIDE_1.11.0\STM32CubeIDE\plugins\com.st.stm32cube.common.mx_6.11.0.202403141607
2024-06-13 14:50:24,281 [ERROR] LogOutputStream:75 - [STDERR_REDIRECT] Jun 13, 2024 2:50:24 PM java.util.prefs.WindowsPreferences <init>
2024-06-13 14:50:24,284 [ERROR] LogOutputStream:75 - [STDERR_REDIRECT] WARNING: Could not open/create prefs root node Software\JavaSoft\Prefs at root 0xffffffff80000002. Windows RegCreateKeyEx(...) returned error code 5.
2024-06-13 14:50:24,285 [ERROR] LogOutputStream:75 - [STDERR_REDIRECT] 
2024-06-13 14:50:24,800 [INFO] MainUpdater:2873 - connection check result : 10
2024-06-13 14:50:24,801 [INFO] MainUpdater:290 - Updater Check For Update Now.
2024-06-13 14:50:24,802 [INFO] MicroXplorer:498 - Change Database Version : DB.6.0.110
2024-06-13 14:50:24,821 [INFO] McuFinderGlobals:63 - Set McuFinder mode to 2 (CubeIDE integrated)
2024-06-13 14:50:24,822 [INFO] UserAuth:179 - activating auth plugin
2024-06-13 14:50:24,828 [INFO] UserAuth:415 - Internet connection configuration mode: 1
2024-06-13 14:50:24,877 [INFO] JxBrowserEngine:152 - Initiate JxBrowser Engine with user profile folder
2024-06-13 14:50:24,957 [WARN] MainUpdater:1194 - Updater busy. Cannot search thirdparties
2024-06-13 14:50:24,957 [INFO] ThirdPartyUpdaterWithRetryManager:96 - Updater plugin is busy. [1/15]
2024-06-13 14:50:25,059 [INFO] CheckServerUpdateThread:120 - End of CheckServer Thread
2024-06-13 14:50:28,199 [WARN] PackLoader:240 - Cannot read IP mode file for STMicroelectronics.FP-SNS-MOTENVWB1.1.4.0
2024-06-13 14:50:28,218 [WARN] PackLoader:240 - Cannot read IP mode file for STMicroelectronics.X-CUBE-SMBUS.2.1.0
2024-06-13 14:50:28,231 [WARN] PackLoader:240 - Cannot read IP mode file for STMicroelectronics.X-CUBE-TOUCHGFX.4.23.0
2024-06-13 14:50:28,244 [WARN] PackLoader:240 - Cannot read IP mode file for STMicroelectronics.X-CUBE-TOUCHGFX.4.23.2
2024-06-13 14:50:28,331 [WARN] PackLoader:240 - Cannot read IP mode file for STMicroelectronics.X-CUBE-AZRTOS-F7.1.1.0
2024-06-13 14:50:28,355 [WARN] PackLoader:240 - Cannot read IP mode file for STMicroelectronics.FP-SNS-MOTENV1.4.3.2
2024-06-13 14:50:28,373 [WARN] PackLoader:240 - Cannot read IP mode file for STMicroelectronics.FP-SNS-FLIGHT1.5.0.2
2024-06-13 14:50:28,392 [WARN] PackLoader:240 - Cannot read IP mode file for STMicroelectronics.X-CUBE-DISPLAY.3.0.0
2024-06-13 14:50:28,425 [WARN] PackLoader:240 - Cannot read IP mode file for STMicroelectronics.X-CUBE-BLE1.7.0.0
2024-06-13 14:50:28,440 [WARN] PackLoader:240 - Cannot read IP mode file for emotas.I-CUBE-CANOPEN.1.3.0
2024-06-13 14:50:28,461 [WARN] PackLoader:240 - Cannot read IP mode file for STMicroelectronics.X-CUBE-BLEMGR.3.1.0
2024-06-13 14:50:28,477 [WARN] PackLoader:240 - Cannot read IP mode file for STMicroelectronics.FP-SNS-SMARTAG2.1.2.0
2024-06-13 14:50:28,497 [INFO] LogOutputStream:77 - [STDOUT_REDIRECT] 1 : Invalid condition id : UX_CORESTACK_Condition cause : null
2024-06-13 14:50:28,498 [INFO] LogOutputStream:77 - [STDOUT_REDIRECT] 1 : Invalid condition id : UX_CORESTACK_Condition cause : null
2024-06-13 14:50:28,499 [INFO] LogOutputStream:77 - [STDOUT_REDIRECT] 1 : Invalid condition id : UX_CORESTACK_Condition cause : null
2024-06-13 14:50:28,500 [INFO] LogOutputStream:77 - [STDOUT_REDIRECT] 1 : Invalid condition id : UX_CORESTACK_Condition cause : null
2024-06-13 14:50:28,500 [INFO] LogOutputStream:77 - [STDOUT_REDIRECT] 1 : Invalid condition id : UX_CORESTACK_Condition cause : null
2024-06-13 14:50:28,503 [WARN] PackLoader:240 - Cannot read IP mode file for STMicroelectronics.X-CUBE-AZRTOS-WL.2.0.0
2024-06-13 14:50:28,518 [WARN] PackLoader:240 - Cannot read IP mode file for STMicroelectronics.FP-SNS-MOTENV1.5.0.0
2024-06-13 14:50:28,545 [WARN] PackLoader:240 - Cannot read IP mode file for WES.I-CUBE-Cesium.1.3.0
2024-06-13 14:50:28,559 [WARN] PackLoader:240 - Cannot read IP mode file for STMicroelectronics.X-CUBE-BLE2.3.3.0
2024-06-13 14:50:28,574 [WARN] PackLoader:240 - Cannot read IP mode file for STMicroelectronics.X-CUBE-TCPP.4.1.0
2024-06-13 14:50:28,589 [WARN] PackLoader:240 - Cannot read IP mode file for STMicroelectronics.X-CUBE-ALGOBUILD.1.3.0
2024-06-13 14:50:28,636 [WARN] PackLoader:240 - Cannot read IP mode file for STMicroelectronics.X-CUBE-AZRTOS-G0.1.1.0
2024-06-13 14:50:28,659 [WARN] PackLoader:240 - Cannot read IP mode file for STMicroelectronics.X-CUBE-SAFEA1.1.2.2
2024-06-13 14:50:28,678 [WARN] PackLoader:240 - Cannot read IP mode file for STMicroelectronics.X-CUBE-NFC4.3.0.0
2024-06-13 14:50:28,693 [WARN] PackLoader:240 - Cannot read IP mode file for wolfSSL.I-CUBE-wolfMQTT.1.18.0
2024-06-13 14:50:28,708 [WARN] PackLoader:240 - Cannot read IP mode file for STMicroelectronics.FP-ATR-SIGFOX1.3.2.0
2024-06-13 14:50:28,731 [WARN] PackLoader:240 - Cannot read IP mode file for STMicroelectronics.X-CUBE-EEPRMA1.5.1.0
2024-06-13 14:50:28,776 [WARN] PackLoader:240 - Cannot read IP mode file for SEGGER.I-CUBE-embOS.1.3.1
2024-06-13 14:50:28,832 [WARN] PackLoader:240 - Cannot read IP mode file for STMicroelectronics.X-CUBE-ALGOBUILD.1.4.0
2024-06-13 14:50:28,851 [WARN] PackLoader:240 - Cannot read IP mode file for STMicroelectronics.X-CUBE-GNSS1.6.0.0
2024-06-13 14:50:28,893 [WARN] PackLoader:240 - Cannot read IP mode file for STMicroelectronics.X-CUBE-AZRTOS-F4.1.1.0
2024-06-13 14:50:28,917 [WARN] PackLoader:240 - Cannot read IP mode file for STMicroelectronics.X-CUBE-FREERTOS.1.2.0
2024-06-13 14:50:28,962 [WARN] PackLoader:240 - Cannot read IP mode file for wolfSSL.I-CUBE-wolfSSL.5.6.6
2024-06-13 14:50:29,010 [WARN] PackLoader:240 - Cannot read IP mode file for STMicroelectronics.X-CUBE-AZRTOS-L5.2.0.0
2024-06-13 14:50:29,034 [WARN] PackLoader:240 - Cannot read IP mode file for STMicroelectronics.X-CUBE-NFC6.3.1.0
2024-06-13 14:50:29,061 [WARN] PackLoader:240 - Cannot read IP mode file for ITTIA_DB.I-CUBE-ITTIADB.8.8.0
2024-06-13 14:50:29,080 [WARN] PackLoader:240 - Cannot read IP mode file for STMicroelectronics.X-CUBE-AI.9.0.0
2024-06-13 14:50:29,095 [WARN] PackLoader:240 - Cannot read IP mode file for STMicroelectronics.X-CUBE-NFC7.1.0.1
2024-06-13 14:50:29,111 [WARN] PackLoader:240 - Cannot read IP mode file for STMicroelectronics.X-CUBE-AI.8.1.0
2024-06-13 14:50:29,142 [WARN] ConditionMgr:438 - getConditionDescription Invalid condition id : LAN8742 Phy interface Condition cause : null
2024-06-13 14:50:29,143 [WARN] PackLoader:240 - Cannot read IP mode file for STMicroelectronics.X-CUBE-AZRTOS-L4.2.0.0
2024-06-13 14:50:29,144 [WARN] ConditionMgr:1039 - genDependencies : Invalid condition id : LAN8742 Phy interface Condition cause : null
2024-06-13 14:50:29,144 [WARN] ConditionMgr:1039 - genDependencies : Invalid condition id : LAN8742 Phy interface Condition cause : null
2024-06-13 14:50:29,144 [WARN] ConditionMgr:1039 - genDependencies : Invalid condition id : LAN8742 Phy interface Condition cause : null
2024-06-13 14:50:29,164 [WARN] PackLoader:240 - Cannot read IP mode file for STMicroelectronics.X-CUBE-SFXS2LP1.4.0.0
2024-06-13 14:50:29,193 [WARN] ConditionMgr:438 - getConditionDescription Invalid condition id : UX DEVICE CLASS RTOS Condition cause : null
2024-06-13 14:50:29,194 [WARN] ConditionMgr:438 - getConditionDescription Invalid condition id : UX DEVICE CLASS RTOS Condition cause : null
2024-06-13 14:50:29,195 [WARN] PackLoader:240 - Cannot read IP mode file for STMicroelectronics.X-CUBE-AZRTOS-WB.2.0.0
2024-06-13 14:50:29,196 [WARN] ConditionMgr:1039 - genDependencies : Invalid condition id : UX DEVICE CLASS RTOS Condition cause : null
2024-06-13 14:50:29,196 [WARN] ConditionMgr:1039 - genDependencies : Invalid condition id : UX DEVICE CLASS RTOS Condition cause : null
2024-06-13 14:50:29,197 [WARN] ConditionMgr:1039 - genDependencies : Invalid condition id : UX DEVICE CLASS RTOS Condition cause : null
2024-06-13 14:50:29,197 [WARN] ConditionMgr:1039 - genDependencies : Invalid condition id : UX DEVICE CLASS RTOS Condition cause : null
2024-06-13 14:50:29,198 [WARN] ConditionMgr:1039 - genDependencies : Invalid condition id : UX DEVICE CLASS RTOS Condition cause : null
2024-06-13 14:50:29,222 [WARN] PackLoader:240 - Cannot read IP mode file for STMicroelectronics.X-CUBE-SUBG2.5.0.0
2024-06-13 14:50:29,261 [WARN] PackLoader:240 - Cannot read IP mode file for STMicroelectronics.X-CUBE-AZRTOS-G4.2.0.0
2024-06-13 14:50:29,287 [WARN] PackLoader:240 - Cannot read IP mode file for Infineon.AIROC-Wi-Fi-Bluetooth-STM32.1.5.1
2024-06-13 14:50:29,304 [WARN] PackLoader:240 - Cannot read IP mode file for STMicroelectronics.FP-SNS-MOTENVWB1.1.3.1
2024-06-13 14:50:29,319 [WARN] PackLoader:240 - Cannot read IP mode file for STMicroelectronics.X-CUBE-ISPU.2.0.0
2024-06-13 14:50:29,334 [WARN] PackLoader:240 - Cannot read IP mode file for STMicroelectronics.X-CUBE-ALS.1.0.2
2024-06-13 14:50:29,388 [WARN] PackLoader:240 - Cannot read IP mode file for STMicroelectronics.X-CUBE-MEMS1.10.0.0
2024-06-13 14:50:29,481 [WARN] PackLoader:240 - Cannot read IP mode file for STMicroelectronics.X-CUBE-FREERTOS.1.1.0
2024-06-13 14:50:29,499 [WARN] PackLoader:240 - Cannot read IP mode file for portGmbH.I-Cube-SoM-uGOAL.1.1.0
2024-06-13 14:50:29,514 [WARN] PackLoader:240 - Cannot read IP mode file for STMicroelectronics.X-CUBE-ALS.1.0.1
2024-06-13 14:50:29,705 [WARN] PackLoader:240 - Cannot read IP mode file for STMicroelectronics.X-CUBE-AZRTOS-H7RS.1.0.0
2024-06-13 14:50:29,736 [WARN] PackLoader:240 - Cannot read IP mode file for STMicroelectronics.FP-ATR-ASTRA1.2.0.0
2024-06-13 14:50:30,291 [WARN] PackLoader:240 - Cannot read IP mode file for STMicroelectronics.X-CUBE-TOF1.3.4.1
2024-06-13 14:50:30,865 [WARN] PackLoader:240 - Cannot read IP mode file for STMicroelectronics.X-CUBE-AZRTOS-H7.3.2.0
2024-06-13 14:50:30,895 [INFO] ThirdParty:978 - Integrity check success = true
2024-06-13 14:50:30,895 [INFO] IntegrityCheckThread:100 - exiting critical section [integrity check]
2024-06-13 14:50:30,895 [INFO] IntegrityCheckThread:103 - End integrity checks thread
2024-06-13 14:50:34,363 [INFO] WebApp:161 - Instantiating new browser for Auth
2024-06-13 14:50:35,065 [INFO] WebApp:779 - Register for checkConnection events
2024-06-13 14:50:35,065 [INFO] WebApp:414 - Apply proxy settings
2024-06-13 14:50:35,065 [INFO] WebApp:499 - Chromium requires no authentication
2024-06-13 14:50:35,065 [INFO] WebApp:442 - Direct internet connection detected
2024-06-13 14:50:35,268 [INFO] WebApp:192 - Starting web application
2024-06-13 14:50:35,268 [INFO] WebApp:544 - Web application path used C:\ST\STM32CubeIDE_1.11.0\STM32CubeIDE\plugins\com.st.stm32cube.common.mx_6.11.0.202403141607\db\plugins\mcufinder\reactClient1\index.html
2024-06-13 15:16:53,887 [ERROR] LogOutputStream:75 - [STDERR_REDIRECT] 
